#
# There is insufficient memory for the Java Runtime Environment to continue.
# Native memory allocation (mmap) failed to map 266338304 bytes for Failed to commit area from 0x0000000703a00000 to 0x0000000713800000 of length 266338304.
# Possible reasons:
#   The system is out of physical RAM or swap space
#   The process is running with CompressedOops enabled, and the Java Heap may be blocking the growth of the native heap
# Possible solutions:
#   Reduce memory load on the system
#   Increase physical memory or swap space
#   Check if swap backing store is full
#   Decrease Java heap size (-Xmx/-Xms)
#   Decrease number of Java threads
#   Decrease Java thread stack sizes (-Xss)
#   Set larger code cache with -XX:ReservedCodeCacheSize=
# This output file may be truncated or incomplete.
#
#  Out of Memory Error (./open/src/hotspot/os/windows/os_windows.cpp:3273), pid=18016, tid=22056
#
# JRE version:  (11.0.12+8) (build )
# Java VM: Java HotSpot(TM) 64-Bit Server VM (11.0.12+8-LTS-237, mixed mode, sharing, tiered, compressed oops, g1 gc, windows-amd64)
# No core dump will be written. Minidumps are not enabled by default on client versions of Windows
#

---------------  S U M M A R Y ------------

Command Line: -Dfile.encoding=UTF-8 onlineexaminationsystem_ui.Front_page

Host: 11th Gen Intel(R) Core(TM) i5-1135G7 @ 2.40GHz, 8 cores, 15G,  Windows 10 , 64 bit Build 19041 (10.0.19041.1202)
Time: Sat Oct  2 22:16:36 2021 India Standard Time elapsed time: 0.017128 seconds (0d 0h 0m 0s)

---------------  T H R E A D  ---------------

Current thread (0x000001740a3e1800):  JavaThread "Unknown thread" [_thread_in_vm, id=22056, stack(0x0000005ec4000000,0x0000005ec4100000)]

Stack: [0x0000005ec4000000,0x0000005ec4100000]
Native frames: (J=compiled Java code, j=interpreted, Vv=VM code, C=native code)
V  [jvm.dll+0x617d9a]
V  [jvm.dll+0x74eeef]
V  [jvm.dll+0x750599]
V  [jvm.dll+0x750c23]
V  [jvm.dll+0x2438d8]
V  [jvm.dll+0x61518a]
V  [jvm.dll+0x609f45]
V  [jvm.dll+0x2f85cc]
V  [jvm.dll+0x2f8452]
V  [jvm.dll+0x2fd106]
V  [jvm.dll+0x33f6ef]
V  [jvm.dll+0x33f120]
V  [jvm.dll+0x2d5ca8]
V  [jvm.dll+0x2d6e06]
V  [jvm.dll+0x72a977]
V  [jvm.dll+0x72c21f]
V  [jvm.dll+0x34c469]
V  [jvm.dll+0x710400]
V  [jvm.dll+0x3b5baf]
V  [jvm.dll+0x3b7cb1]
C  [jli.dll+0x520b]
C  [ucrtbase.dll+0x21bb2]
C  [KERNEL32.DLL+0x17034]
C  [ntdll.dll+0x52651]


---------------  P R O C E S S  ---------------

Threads class SMR info:
_java_thread_list=0x000001740825a220, length=0, elements={
}

Java Threads: ( => current thread )

Other Threads:
  0x000001740a3f6000 GCTaskThread "GC Thread#0" [stack: 0x0000005ec4100000,0x0000005ec4200000] [id=22156]
  0x000001740a44e000 ConcurrentGCThread "G1 Main Marker" [stack: 0x0000005ec4200000,0x0000005ec4300000] [id=22816]
  0x000001740a44f000 ConcurrentGCThread "G1 Conc#0" [stack: 0x0000005ec4300000,0x0000005ec4400000] [id=10312]

[error occurred during error reporting (printing all threads), id 0xc0000005, EXCEPTION_ACCESS_VIOLATION (0xc0000005) at pc=0x00007ff8f0e64f37]

VM state:not at safepoint (not fully initialized)

VM Mutex/Monitor currently owned by a thread:  ([mutex/lock_event])
[0x000001740a3dbe70] Heap_lock - owner thread: 0x000001740a3e1800

Heap address: 0x0000000703a00000, size: 4038 MB, Compressed Oops mode: Non-zero based: 0x0000000703a00000
Narrow klass base: 0x0000000000000000, Narrow klass shift: 0

GC Heap History (0 events):
No events

Deoptimization events (0 events):
No events

Classes redefined (0 events):
No events

Internal exceptions (0 events):
No events

Events (0 events):
No events


Dynamic libraries:
0x00007ff690c50000 - 0x00007ff690c5f000 	C:\Program Files\Java\jdk-11.0.12\bin\java.exe
0x00007ff9449d0000 - 0x00007ff944bc5000 	C:\windows\SYSTEM32\ntdll.dll
0x00007ff944820000 - 0x00007ff9448de000 	C:\windows\System32\KERNEL32.DLL
0x00007ff9420f0000 - 0x00007ff9423b9000 	C:\windows\System32\KERNELBASE.dll
0x00007ff942480000 - 0x00007ff942580000 	C:\windows\System32\ucrtbase.dll
0x00007ff926110000 - 0x00007ff926125000 	C:\Program Files\Java\jdk-11.0.12\bin\VCRUNTIME140.dll
0x00007ff91fd30000 - 0x00007ff91fd48000 	C:\Program Files\Java\jdk-11.0.12\bin\jli.dll
0x00007ff943210000 - 0x00007ff9432bc000 	C:\windows\System32\ADVAPI32.dll
0x00007ff9439f0000 - 0x00007ff943a8e000 	C:\windows\System32\msvcrt.dll
0x00007ff9432c0000 - 0x00007ff94335b000 	C:\windows\System32\sechost.dll
0x00007ff9438c0000 - 0x00007ff9439ea000 	C:\windows\System32\RPCRT4.dll
0x00007ff943630000 - 0x00007ff9437d1000 	C:\windows\System32\USER32.dll
0x00007ff9425d0000 - 0x00007ff9425f2000 	C:\windows\System32\win32u.dll
0x00007ff9431e0000 - 0x00007ff94320b000 	C:\windows\System32\GDI32.dll
0x00007ff942600000 - 0x00007ff94270b000 	C:\windows\System32\gdi32full.dll
0x00007ff9428d0000 - 0x00007ff94296d000 	C:\windows\System32\msvcp_win.dll
0x00007ff924650000 - 0x00007ff9248ea000 	C:\windows\WinSxS\amd64_microsoft.windows.common-controls_6595b64144ccf1df_6.0.19041.1110_none_60b5254171f9507e\COMCTL32.dll
0x00007ff937a30000 - 0x00007ff937a3a000 	C:\windows\SYSTEM32\VERSION.dll
0x00007ff943810000 - 0x00007ff943840000 	C:\windows\System32\IMM32.DLL
0x00007ff8f8ea0000 - 0x00007ff8f8f3b000 	C:\Program Files\Java\jdk-11.0.12\bin\msvcp140.dll
0x00007ff8f0b80000 - 0x00007ff8f167f000 	C:\Program Files\Java\jdk-11.0.12\bin\server\jvm.dll
0x00007ff943410000 - 0x00007ff943418000 	C:\windows\System32\PSAPI.DLL
0x00007ff93f540000 - 0x00007ff93f549000 	C:\windows\SYSTEM32\WSOCK32.dll
0x00007ff9265a0000 - 0x00007ff9265c7000 	C:\windows\SYSTEM32\WINMM.dll
0x00007ff9447b0000 - 0x00007ff94481b000 	C:\windows\System32\WS2_32.dll
0x00007ff9409c0000 - 0x00007ff9409d2000 	C:\windows\SYSTEM32\kernel.appcore.dll
0x00007ff93bf00000 - 0x00007ff93bf10000 	C:\Program Files\Java\jdk-11.0.12\bin\verify.dll
0x00007ff93fb30000 - 0x00007ff93fd14000 	C:\windows\SYSTEM32\DBGHELP.DLL
0x00007ff92a760000 - 0x00007ff92a78c000 	C:\windows\SYSTEM32\dbgcore.DLL
0x00007ff9423c0000 - 0x00007ff942443000 	C:\windows\System32\bcryptPrimitives.dll
0x00007ff90caf0000 - 0x00007ff90cb18000 	C:\Program Files\Java\jdk-11.0.12\bin\java.dll
0x00007ff93bd90000 - 0x00007ff93bd9a000 	C:\Program Files\Java\jdk-11.0.12\bin\jimage.dll
0x00007ff923130000 - 0x00007ff923146000 	C:\Program Files\Java\jdk-11.0.12\bin\zip.dll

dbghelp: loaded successfully - version: 4.0.5 - missing functions: none
symbol engine: initialized successfully - sym options: 0x614 - pdb path: .;C:\Program Files\Java\jdk-11.0.12\bin;C:\windows\SYSTEM32;C:\windows\WinSxS\amd64_microsoft.windows.common-controls_6595b64144ccf1df_6.0.19041.1110_none_60b5254171f9507e;C:\Program Files\Java\jdk-11.0.12\bin\server

VM Arguments:
jvm_args: -Dfile.encoding=UTF-8 
java_command: onlineexaminationsystem_ui.Front_page
java_class_path (initial): C:\Users\hp\Downloads\json-simple-1.1.1.jar;C:\Users\hp\Desktop\shads\OnlineExaminationSystem_UI\build\classes
Launcher Type: SUN_STANDARD

[Global flags]
     intx CICompilerCount                          = 4                                         {product} {ergonomic}
     uint ConcGCThreads                            = 2                                         {product} {ergonomic}
     uint G1ConcRefinementThreads                  = 8                                         {product} {ergonomic}
   size_t G1HeapRegionSize                         = 1048576                                   {product} {ergonomic}
    uintx GCDrainStackTargetSize                   = 64                                        {product} {ergonomic}
   size_t InitialHeapSize                          = 266338304                                 {product} {ergonomic}
   size_t MarkStackSize                            = 4194304                                   {product} {ergonomic}
   size_t MaxHeapSize                              = 4234149888                                {product} {ergonomic}
   size_t MinHeapDeltaBytes                        = 1048576                                   {product} {ergonomic}
    uintx NonNMethodCodeHeapSize                   = 5836300                                {pd product} {ergonomic}
    uintx NonProfiledCodeHeapSize                  = 122910970                              {pd product} {ergonomic}
    uintx ProfiledCodeHeapSize                     = 122910970                              {pd product} {ergonomic}
    uintx ReservedCodeCacheSize                    = 251658240                              {pd product} {ergonomic}
     bool SegmentedCodeCache                       = true                                      {product} {ergonomic}
     bool UseCompressedClassPointers               = true                                 {lp64_product} {ergonomic}
     bool UseCompressedOops                        = true                                 {lp64_product} {ergonomic}
     bool UseG1GC                                  = true                                      {product} {ergonomic}
     bool UseLargePagesIndividualAllocation        = false                                  {pd product} {ergonomic}

Logging:
Log output configuration:
 #0: stdout all=warning uptime,level,tags
 #1: stderr all=off uptime,level,tags

Environment Variables:
PATH=C:\windows\system32;C:\windows;C:\windows\System32\Wbem;C:\windows\System32\WindowsPowerShell\v1.0\;C:\windows\System32\OpenSSH\;C:\Program Files (x86)\NVIDIA Corporation\PhysX\Common;C:\Program Files\NVIDIA Corporation\NVIDIA NvDLISR;C:\Program Files\Git\cmd;C:\TDM-GCC-64\bin;C:\xampp\php;C:\composer;C:\Program Files\Java\jdk1.8.0_301\bin;C:\Program Files\MySQL\MySQL Shell 8.0\bin\;C:\Users\hp\AppData\Local\Programs\Python\Python39\Scripts\;C:\Users\hp\AppData\Local\Programs\Python\Python39\;C:\Users\hp\AppData\Local\Microsoft\WindowsApps;C:\xampp\mysql\bin;C:\Users\hp\AppData\Local\Programs\Microsoft VS Code\bin;C:\Users\hp\AppData\Roaming\Composer\vendor\bin;C:\Users\hp\AppData\Local\gitkraken\bin
USERNAME=hp
OS=Windows_NT
PROCESSOR_IDENTIFIER=Intel64 Family 6 Model 140 Stepping 1, GenuineIntel



---------------  S Y S T E M  ---------------

OS: Windows 10 , 64 bit Build 19041 (10.0.19041.1202)

CPU:total 8 (initial active 8) (4 cores per cpu, 2 threads per core) family 6 model 140 stepping 1 microcode 0x86, cmov, cx8, fxsr, mmx, sse, sse2, sse3, ssse3, sse4.1, sse4.2, popcnt, avx, avx2, aes, clmul, erms, 3dnowpref, lzcnt, ht, tsc, tscinvbit, bmi1, bmi2, adx, evex, sha, fma

Memory: 4k page, system-wide physical 16149M (2610M free)
TotalPageFile size 35430M (AvailPageFile size 71M)
current process WorkingSet (physical memory assigned to process): 10M, peak: 10M
current process commit charge ("private bytes"): 60M, peak: 314M

vm_info: Java HotSpot(TM) 64-Bit Server VM (11.0.12+8-LTS-237) for windows-amd64 JRE (11.0.12+8-LTS-237), built on Jun  8 2021 11:25:59 by "mach5one" with MS VC++ 15.9 (VS2017)

END.
